{
  "0 debug pnpm:scope": {
    "selected": 1
  },
  "1 error pnpm": {
    "code": "ELIFECYCLE",
    "errno": "ENOENT",
    "syscall": "spawn",
    "file": "sh",
    "pkgid": "authy@0.0.1",
    "stage": "dev",
    "script": "svelte-kit dev",
    "pkgname": "authy",
    "err": {
      "name": "pnpm",
      "message": "authy@0.0.1 dev: `svelte-kit dev`\nspawn ENOENT",
      "code": "ELIFECYCLE",
      "stack": "pnpm: authy@0.0.1 dev: `svelte-kit dev`\nspawn ENOENT\n    at ChildProcess.<anonymous> (/Users/Jerry/.nvm/versions/node/v14.17.0/pnpm-global/5/node_modules/.pnpm/pnpm@6.23.2/node_modules/pnpm/dist/pnpm.cjs:91354:22)\n    at ChildProcess.emit (events.js:376:20)\n    at maybeClose (internal/child_process.js:1055:16)\n    at Process.ChildProcess._handle.onexit (internal/child_process.js:288:5)"
    }
  },
  "2 warn pnpm:global": " Local package.json exists, but node_modules missing, did you mean to install?"
}